apache-ivy
broadcom-wl
carrier
catalyst-test
codecs64
copyq
gnome-defaults-list
google-chrome
jdk
keepass-plugin-http
libjpeg6-turbo
libpng12
nitrux-icon-theme
numix-circle-icon-theme-git
numix-icon-theme-git
package-query
pacmanager
perl-cairo-gobject
perl-crypt-rijndael
perl-expect
perl-gnome2-vte
perl-gtk2-ex-simple-list
perl-gtk2-gladexml-simple
perl-gtk2-sourceview2
perl-io-stty
perl-net-arp
perl-net-proxy
python2-parsedatetime
python2-pyicu
uuid
virtualbox-ext-oracle
xnviewmp
yaourt
zramswap
