 [1m[34m[[m[1mX[1m[34m][m Installing ([1m[33mextra[m) [1mgimp[m exists 
 [1m[34m[[m[1mX[1m[34m][m Installing ([1m[35maur[m) [1mxnviewmp[m   
==> Downloading xnviewmp PKGBUILD from AUR...
x .SRCINFO
x PKGBUILD
x xnviewmp.desktop
x xnviewmp.install
xnviewmp 0.72-1  (Fri Jul 25 13:01:58 MDT 2008)
( Unsupported package: Potentially dangerous ! )
==> xnviewmp dependencies:
 - glib2 (already installed)
 - expat (already installed)
 - libpng12 (already installed)
 - gstreamer0.10-base (already installed)
 - desktop-file-utils (already installed)


==> Continue building xnviewmp ? [Y/n]
==> ----------------------------------
==> 
==> Building and installing package
==> Making package: xnviewmp 0.72-1 (Thu Feb  5 18:46:52 MST 2015)
==> Checking runtime dependencies...
==> Checking buildtime dependencies...
==> Retrieving sources...
  -> Downloading XnViewMP-linux-x64-0.72.tgz...
  % Total    % Received % Xferd  Average Speed   Time    Time     Time  Current
                                 Dload  Upload   Total   Spent    Left  Speed
  0     0    0     0    0     0      0      0 --:--:-- --:--:-- --:--:--     0  0 26.7M    0 35946    0     0  46086      0  0:10:09 --:--:--  0:10:09 46084  0 26.7M    0  245k    0     0   144k      0  0:03:09  0:00:01  0:03:08  144k  2 26.7M    2  756k    0     0   279k      0  0:01:37  0:00:02  0:01:35  279k  5 26.7M    5 1640k    0     0   441k      0  0:01:02  0:00:03  0:00:59  441k 10 26.7M   10 2892k    0     0   614k      0  0:00:44  0:00:04  0:00:40  614k 16 26.7M   16 4545k    0     0   796k      0  0:00:34  0:00:05  0:00:29  915k 24 26.7M   24 6579k    0     0   986k      0  0:00:27  0:00:06  0:00:21 1275k 33 26.7M   33 9193k    0     0  1197k      0  0:00:22  0:00:07  0:00:15 1695k 44 26.7M   44 11.9M    0     0  1411k      0  0:00:19  0:00:08  0:00:11 2136k 58 26.7M   58 15.6M    0     0  1651k      0  0:00:16  0:00:09  0:00:07 2631k 74 26.7M   74 19.9M    0     0  1916k      0  0:00:14  0:00:10  0:00:04 3203k 94 26.7M   94 25.2M    0     0  2217k      0  0:00:12  0:00:11  0:00:01 3856k100 26.7M  100 26.7M    0     0  2306k      0  0:00:11  0:00:11 --:--:-- 4331k
  -> Found xnviewmp.desktop
==> Validating source files with md5sums...
    XnViewMP-linux-x64-0.72.tgz ... Passed
    xnviewmp.desktop ... Passed
==> Extracting sources...
  -> Extracting XnViewMP-linux-x64-0.72.tgz with bsdtar
==> Entering fakeroot environment...
==> Starting package()...
==> Tidying install...
  -> Purging unwanted files...
  -> Removing libtool files...
  -> Removing static library files...
  -> Compressing man and info pages...
  -> Stripping unneeded symbols from binaries and libraries...
==> Creating package "xnviewmp"...
  -> Generating .PKGINFO file...
  -> Adding install file...
  -> Generating .MTREE file...
  -> Compressing package...
==> Leaving fakeroot environment.
==> Finished making: xnviewmp 0.72-1 (Thu Feb  5 18:47:43 MST 2015)

==> Continue installing xnviewmp ? [Y/n]
==> [v]iew package contents [c]heck package with namcap
==> ---------------------------------------------------
==> 
loading packages...
resolving dependencies...
looking for conflicting packages...

Packages (1) xnviewmp-0.72-1

Total Installed Size:  74.06 MiB

:: Proceed with installation? [Y/n] 
checking keyring...
checking package integrity...
loading package files...
checking for file conflicts...
checking available disk space...
installing xnviewmp...
Optional dependencies for xnviewmp
    gvfs: support for moving files to trash [installed]
7231's retcode: 0success
